<?xml version="1.0" encoding="UTF-8"?>
<testsuite name="ee.ut.math.tvt.salessystem.ui.WarehouseTests" tests="1" skipped="1" failures="0" errors="0" timestamp="2020-11-02T11:50:22" hostname="Sanders-MacBook-Pro-3.local" time="2181.203">
  <properties/>
  <testcase name="testAddingItemBeginsAndCommitsTransaction" classname="ee.ut.math.tvt.salessystem.ui.WarehouseTests" time="2181.203">
    <skipped/>
  </testcase>
  <system-out><![CDATA[]]></system-out>
  <system-err><![CDATA[]]></system-err>
</testsuite>
