<?xml version="1.0" encoding="UTF-8"?>
<testsuite name="ee.ut.math.tvt.salessystem.ui.WarehouseTests" tests="7" skipped="0" failures="0" errors="0" timestamp="2020-11-01T18:36:43" hostname="DESKTOP-47AU81N" time="1.702">
  <properties/>
  <testcase name="testAddingItemWithNegativePrice" classname="ee.ut.math.tvt.salessystem.ui.WarehouseTests" time="1.579"/>
  <testcase name="testingAddingNewItemToWarehouse" classname="ee.ut.math.tvt.salessystem.ui.WarehouseTests" time="0.03"/>
  <testcase name="testAddingExistingItem" classname="ee.ut.math.tvt.salessystem.ui.WarehouseTests" time="0.072"/>
  <testcase name="allItemsAreSeenInWareHouse" classname="ee.ut.math.tvt.salessystem.ui.WarehouseTests" time="0.002"/>
  <testcase name="testAddingItemBeginsAndCommitsTransaction" classname="ee.ut.math.tvt.salessystem.ui.WarehouseTests" time="0.014"/>
  <testcase name="testAddingItemWithNegativeQuantity" classname="ee.ut.math.tvt.salessystem.ui.WarehouseTests" time="0.001"/>
  <testcase name="testAddingNewItem" classname="ee.ut.math.tvt.salessystem.ui.WarehouseTests" time="0.002"/>
  <system-out><![CDATA[20:36:45.305 [Test worker] INFO  ee.ut.math.tvt.salessystem.logic.ShoppingCart - Test
20:36:45.383 [Test worker] INFO  ee.ut.math.tvt.salessystem.logic.ShoppingCart - Updated item Lays chips with id 1
20:36:45.395 [Test worker] INFO  ee.ut.math.tvt.salessystem.logic.ShoppingCart - testAddingExistingItem - Test passed
20:36:45.396 [Test worker] INFO  ee.ut.math.tvt.salessystem.logic.ShoppingCart - testAllItemsAreSeenInWareHouse - Test passed
20:36:45.399 [Test worker] INFO  ee.ut.math.tvt.salessystem.logic.ShoppingCart - Begin of transaction
20:36:45.401 [Test worker] INFO  ee.ut.math.tvt.salessystem.logic.ShoppingCart - Added Chips to shopping cart.
20:36:45.410 [Test worker] INFO  ee.ut.math.tvt.salessystem.logic.ShoppingCart - testAddingItemBeginsAndCommitsTransaction - Test passed
20:36:45.413 [Test worker] INFO  ee.ut.math.tvt.salessystem.logic.ShoppingCart - testAddingNewItem - Test passed
]]></system-out>
  <system-err><![CDATA[]]></system-err>
</testsuite>
